Determining if the pthread_create exist failed with the following output:
Change Dir: /home/lab298a/Public/TriThesis/BCLog-master/my_modified_rippled/cmake-build-debug/CMakeFiles/CMakeTmp

Run Build Command:"/usr/bin/make" "cmTC_b90b6/fast"
/usr/bin/make -f CMakeFiles/cmTC_b90b6.dir/build.make CMakeFiles/cmTC_b90b6.dir/build
make[1]: Entering directory '/home/lab298a/Public/TriThesis/BCLog-master/my_modified_rippled/cmake-build-debug/CMakeFiles/CMakeTmp'
Building C object CMakeFiles/cmTC_b90b6.dir/CheckSymbolExists.c.o
/usr/bin/gcc    -o CMakeFiles/cmTC_b90b6.dir/CheckSymbolExists.c.o   -c /home/lab298a/Public/TriThesis/BCLog-master/my_modified_rippled/cmake-build-debug/CMakeFiles/CMakeTmp/CheckSymbolExists.c
Linking C executable cmTC_b90b6
/home/lab298a/Downloads/program/clion-2018.1.2/bin/cmake/bin/cmake -E cmake_link_script CMakeFiles/cmTC_b90b6.dir/link.txt --verbose=1
/usr/bin/gcc      -rdynamic CMakeFiles/cmTC_b90b6.dir/CheckSymbolExists.c.o  -o cmTC_b90b6 
CMakeFiles/cmTC_b90b6.dir/CheckSymbolExists.c.o: In function `main':
CheckSymbolExists.c:(.text+0x16): undefined reference to `pthread_create'
collect2: error: ld returned 1 exit status
CMakeFiles/cmTC_b90b6.dir/build.make:97: recipe for target 'cmTC_b90b6' failed
make[1]: *** [cmTC_b90b6] Error 1
make[1]: Leaving directory '/home/lab298a/Public/TriThesis/BCLog-master/my_modified_rippled/cmake-build-debug/CMakeFiles/CMakeTmp'
Makefile:126: recipe for target 'cmTC_b90b6/fast' failed
make: *** [cmTC_b90b6/fast] Error 2

File /home/lab298a/Public/TriThesis/BCLog-master/my_modified_rippled/cmake-build-debug/CMakeFiles/CMakeTmp/CheckSymbolExists.c:
/* */
#include <pthread.h>

int main(int argc, char** argv)
{
  (void)argv;
#ifndef pthread_create
  return ((int*)(&pthread_create))[argc];
#else
  (void)argc;
  return 0;
#endif
}

Determining if the function pthread_create exists in the pthreads failed with the following output:
Change Dir: /home/lab298a/Public/TriThesis/BCLog-master/my_modified_rippled/cmake-build-debug/CMakeFiles/CMakeTmp

Run Build Command:"/usr/bin/make" "cmTC_8a4b4/fast"
/usr/bin/make -f CMakeFiles/cmTC_8a4b4.dir/build.make CMakeFiles/cmTC_8a4b4.dir/build
make[1]: Entering directory '/home/lab298a/Public/TriThesis/BCLog-master/my_modified_rippled/cmake-build-debug/CMakeFiles/CMakeTmp'
Building C object CMakeFiles/cmTC_8a4b4.dir/CheckFunctionExists.c.o
/usr/bin/gcc   -DCHECK_FUNCTION_EXISTS=pthread_create   -o CMakeFiles/cmTC_8a4b4.dir/CheckFunctionExists.c.o   -c /home/lab298a/Downloads/program/clion-2018.1.2/bin/cmake/share/cmake-3.10/Modules/CheckFunctionExists.c
Linking C executable cmTC_8a4b4
/home/lab298a/Downloads/program/clion-2018.1.2/bin/cmake/bin/cmake -E cmake_link_script CMakeFiles/cmTC_8a4b4.dir/link.txt --verbose=1
/usr/bin/gcc  -DCHECK_FUNCTION_EXISTS=pthread_create    -rdynamic CMakeFiles/cmTC_8a4b4.dir/CheckFunctionExists.c.o  -o cmTC_8a4b4 -lpthreads 
/usr/bin/ld: cannot find -lpthreads
collect2: error: ld returned 1 exit status
CMakeFiles/cmTC_8a4b4.dir/build.make:97: recipe for target 'cmTC_8a4b4' failed
make[1]: *** [cmTC_8a4b4] Error 1
make[1]: Leaving directory '/home/lab298a/Public/TriThesis/BCLog-master/my_modified_rippled/cmake-build-debug/CMakeFiles/CMakeTmp'
Makefile:126: recipe for target 'cmTC_8a4b4/fast' failed
make: *** [cmTC_8a4b4/fast] Error 2


